<?xml version="1.0" encoding="UTF-8"?>
<testng-results ignored="0" total="1" passed="1" failed="0" skipped="0">
  <reporter-output>
  </reporter-output>
  <suite started-at="2025-08-02T23:33:16 IST" name="Default suite" finished-at="2025-08-02T23:33:36 IST" duration-ms="20067">
    <groups>
    </groups>
    <test started-at="2025-08-02T23:33:16 IST" name="Default test" finished-at="2025-08-02T23:33:36 IST" duration-ms="20067">
      <class name="tests.E2ETest">
        <test-method is-config="true" signature="setup()[pri:0, instance:tests.E2ETest@409bf450]" started-at="2025-08-02T23:33:16 IST" name="setup" finished-at="2025-08-02T23:33:23 IST" duration-ms="7211" status="PASS">
          <reporter-output>
          </reporter-output>
        </test-method> <!-- setup -->
        <test-method signature="testE2E()[pri:0, instance:tests.E2ETest@409bf450]" started-at="2025-08-02T23:33:23 IST" name="testE2E" finished-at="2025-08-02T23:33:35 IST" duration-ms="12457" status="PASS">
          <reporter-output>
          </reporter-output>
        </test-method> <!-- testE2E -->
        <test-method is-config="true" signature="tearDown()[pri:0, instance:tests.E2ETest@409bf450]" started-at="2025-08-02T23:33:35 IST" name="tearDown" finished-at="2025-08-02T23:33:36 IST" duration-ms="349" status="PASS">
          <reporter-output>
          </reporter-output>
        </test-method> <!-- tearDown -->
      </class> <!-- tests.E2ETest -->
    </test> <!-- Default test -->
  </suite> <!-- Default suite -->
</testng-results>
